<?xml version="1.0" encoding="UTF-8"?>
<!-- Generated by org.testng.reporters.JUnitReportReporter -->
<testsuite hostname="VJH031221" failures="0" tests="1" name="com.learnautomation.testcases.TestCasewithoutFramework" time="7.794" errors="0" timestamp="2023-03-17T19:07:03 IST" skipped="0">
  <testcase classname="com.learnautomation.testcases.TestCasewithoutFramework" name="testcase1" time="7.794"/>
  <system-out/>
</testsuite> <!-- com.learnautomation.testcases.TestCasewithoutFramework -->
